Seed set to 1
CONFIG
├── mode
│   └── train                                                                   
├── diffusion
│   └── absorbing_state                                                         
├── backbone
│   └── dit                                                                     
├── parameterization
│   └── subs                                                                    
├── time_conditioning
│   └── False                                                                   
├── T
│   └── 0                                                                       
├── subs_masking
│   └── False                                                                   
├── seed
│   └── 1                                                                       
├── loader
│   └── global_batch_size: 512                                                  
│       eval_global_batch_size: 512                                             
│       batch_size: 256                                                         
│       eval_batch_size: 256                                                    
│       num_workers: 8                                                          
│       pin_memory: true                                                        
│                                                                               
├── sampling
│   └── predictor: ddpm_cache                                                   
│       steps: 128                                                              
│       noise_removal: true                                                     
│       num_sample_batches: 2                                                   
│       num_sample_log: 2                                                       
│       semi_ar: false                                                          
│       stride_length: 1                                                        
│       num_strides: 1                                                          
│       visualize: false                                                        
│       visualize_save_path: snapshots.txt                                      
│                                                                               
├── training
│   └── ema: 0.9999                                                             
│       antithetic_sampling: true                                               
│       importance_sampling: false                                              
│       sampling_eps: 0.001                                                     
│       change_of_variables: false                                              
│                                                                               
├── eval
│   └── checkpoint_path: ''                                                     
│       disable_ema: false                                                      
│       compute_generative_perplexity: false                                    
│       perplexity_batch_size: 8                                                
│       compute_perplexity_on_sanity: false                                     
│       gen_ppl_eval_model_name_or_path: gpt2-large                             
│       generate_samples: true                                                  
│                                                                               
├── optim
│   └── weight_decay: 0                                                         
│       lr: 0.0003                                                              
│       beta1: 0.9                                                              
│       beta2: 0.999                                                            
│       eps: 1.0e-08                                                            
│                                                                               
├── trainer
│   └── _target_: lightning.Trainer                                             
│       accelerator: cuda                                                       
│       num_nodes: 1                                                            
│       devices: 1                                                              
│       accumulate_grad_batches: 2                                              
│       gradient_clip_val: 1.0                                                  
│       precision: bf16                                                         
│       num_sanity_val_steps: 2                                                 
│       max_steps: 50000                                                        
│       log_every_n_steps: 10                                                   
│       limit_train_batches: 1.0                                                
│       limit_val_batches: 1.0                                                  
│       val_check_interval: 500                                                 
│                                                                               
├── wandb
│   └── project: text-diffusion                                                 
│       notes: Mulan for text                                                   
│       group: null                                                             
│       job_type: null                                                          
│       name: null                                                              
│       id: None_1                                                              
│       tags:                                                                   
│       - loglinear                                                             
│       - text8                                                                 
│       - text8                                                                 
│       offline: true                                                           
│                                                                               
├── checkpointing
│   └── save_dir: /root/mdlm/outputs/text8/2026.05.25/183522                    
│       resume_from_ckpt: true                                                  
│       resume_ckpt_path: /root/mdlm/outputs/text8/2026.05.25/183522/checkpoints
│                                                                               
├── callbacks
│   └── checkpoint_every_n_steps:                                               
│         _target_: lightning.pytorch.callbacks.ModelCheckpoint                 
│         save_top_k: -1                                                        
│         save_last: true                                                       
│         dirpath: /root/mdlm/outputs/text8/2026.05.25/183522/checkpoints       
│         verbose: true                                                         
│         auto_insert_metric_name: false                                        
│         every_n_train_steps: 500                                              
│       checkpoint_monitor:                                                     
│         _target_: lightning.pytorch.callbacks.ModelCheckpoint                 
│         monitor: val/nll                                                      
│         mode: min                                                             
│         save_top_k: 1                                                         
│         save_last: false                                                      
│         dirpath: /root/mdlm/outputs/text8/2026.05.25/183522/checkpoints       
│         filename: best                                                        
│         auto_insert_metric_name: false                                        
│         verbose: true                                                         
│       learning_rate_monitor:                                                  
│         _target_: lightning.pytorch.callbacks.LearningRateMonitor             
│         logging_interval: step                                                
│                                                                               
├── data
│   └── train: text8                                                            
│       valid: text8                                                            
│       tokenizer_name_or_path: text8                                           
│       cache_dir: /share/kuleshov/ssahoo/textdiffusion/data                    
│       wrap: true                                                              
│       streaming: false                                                        
│                                                                               
├── model
│   └── name: tiny                                                              
│       type: ddit                                                              
│       hidden_size: 512                                                        
│       cond_dim: 128                                                           
│       length: 256                                                             
│       n_blocks: 8                                                             
│       n_heads: 8                                                              
│       scale_by_sigma: true                                                    
│       dropout: 0.1                                                            
│       tie_word_embeddings: false                                              
│                                                                               
├── strategy
│   └── _target_: lightning.pytorch.strategies.DDPStrategy                      
│       find_unused_parameters: false                                           
│                                                                               
├── noise
│   └── type: loglinear                                                         
│       sigma_min: 0.0001                                                       
│       sigma_max: 20                                                           
│                                                                               
└── lr_scheduler
    └── _target_: transformers.get_constant_schedule_with_warmup                
        num_warmup_steps: 2500                                                  
                                                                                
[2026-05-25 18:35:22,668][__main__][INFO] - Starting Training.
[2026-05-25 18:35:22,678][dataloader][INFO] - Loading data from: /share/kuleshov/ssahoo/textdiffusion/data/text8_train_bs256_wrapped.dat
[2026-05-25 18:35:22,689][dataloader][INFO] - Loading data from: /share/kuleshov/ssahoo/textdiffusion/data/text8_test_bs256_wrapped.dat
Printing train dataloader batch.
Batch input_ids.shape torch.Size([256, 256])
First 64 tokens: [BOS]d could not deny them access to the evidence used against them 
ids: tensor([ 2, 11, 34, 10, 22, 28, 19, 11, 34, 21, 22, 27, 34, 11, 12, 21, 32, 34,
        27, 15, 12, 20, 34,  8, 10, 10, 12, 26, 26, 34, 27, 22, 34, 27, 15, 12,
        34, 12, 29, 16, 11, 12, 21, 10, 12, 34, 28, 26, 12, 11, 34,  8, 14,  8,
        16, 21, 26, 27, 34, 27, 15, 12, 20, 34])
Last 64 tokens: rs could not be classified as prisoners of war and upheld milit[EOS]
ids: tensor([25, 26, 34, 10, 22, 28, 19, 11, 34, 21, 22, 27, 34,  9, 12, 34, 10, 19,
         8, 26, 26, 16, 13, 16, 12, 11, 34,  8, 26, 34, 23, 25, 16, 26, 22, 21,
        12, 25, 26, 34, 22, 13, 34, 30,  8, 25, 34,  8, 21, 11, 34, 28, 23, 15,
        12, 19, 11, 34, 20, 16, 19, 16, 27,  3])
Printing valid dataloader batch.
/root/miniconda3/lib/python3.12/site-packages/huggingface_hub/file_download.py:949: FutureWarning: `resume_download` is deprecated and will be removed in version 1.0.0. Downloads always resume when possible. If you want to force a new download, use `force_download=True`.
  warnings.warn(
/root/miniconda3/lib/python3.12/site-packages/lightning/fabric/connector.py:571: `precision=bf16` is supported for historical reasons but its usage is discouraged. Please set your precision to bf16-mixed instead!
Using bfloat16 Automatic Mixed Precision (AMP)
GPU available: True (cuda), used: True
TPU available: False, using: 0 TPU cores
💡 Tip: For seamless cloud logging and experiment tracking, try installing [litlogger](https://pypi.org/project/litlogger/) to enable LitLogger, which logs metrics and artifacts automatically to the Lightning Experiments platform.
`Trainer(limit_train_batches=1.0)` was configured so 100% of the batches per epoch will be used..
`Trainer(limit_val_batches=1.0)` was configured so 100% of the batches will be used..
You are using a CUDA device ('NVIDIA RTX PRO 6000 Blackwell Server Edition') that has Tensor Cores. To properly utilize them, you should set `torch.set_float32_matmul_precision('medium' | 'high')` which will trade-off precision for performance. For more details, read https://pytorch.org/docs/stable/generated/torch.set_float32_matmul_precision.html#torch.set_float32_matmul_precision
Initializing distributed: GLOBAL_RANK: 0, MEMBER: 1/1
----------------------------------------------------------------------------------------------------
distributed_backend=nccl
All distributed processes registered. Starting with 1 processes
----------------------------------------------------------------------------------------------------

wandb: WARNING The anonymous setting has no effect and will be removed in a future version.
wandb: WARNING `resume` will be ignored since W&B syncing is set to `offline`. Starting a new run with run id None_1.
wandb: Tracking run with wandb version 0.27.0
wandb: W&B syncing is set to `offline` in this directory. Run `wandb online` or set WANDB_MODE=online to enable cloud syncing.
wandb: Run data is saved locally in wandb/offline-run-20260525_183526-None_1
LOCAL_RANK: 0 - CUDA_VISIBLE_DEVICES: [0]
/root/miniconda3/lib/python3.12/site-packages/lightning/pytorch/utilities/model_summary/model_summary.py:242: Precision bf16-mixed is not supported by the model summary.  Estimated model size in MB will not be accurate. Using 32 bits instead.
Batch input_ids.shape torch.Size([256, 256])
First 64 tokens: [BOS]be ejected and hold it there examine the chamber to ensure it i
ids: tensor([ 2,  9, 12, 34, 12, 17, 12, 10, 27, 12, 11, 34,  8, 21, 11, 34, 15, 22,
        19, 11, 34, 16, 27, 34, 27, 15, 12, 25, 12, 34, 12, 31,  8, 20, 16, 21,
        12, 34, 27, 15, 12, 34, 10, 15,  8, 20,  9, 12, 25, 34, 27, 22, 34, 12,
        21, 26, 28, 25, 12, 34, 16, 27, 34, 16])
Last 64 tokens: afety precaution magazine fitted perform an unload if the above[EOS]
ids: tensor([ 8, 13, 12, 27, 32, 34, 23, 25, 12, 10,  8, 28, 27, 16, 22, 21, 34, 20,
         8, 14,  8, 33, 16, 21, 12, 34, 13, 16, 27, 27, 12, 11, 34, 23, 12, 25,
        13, 22, 25, 20, 34,  8, 21, 34, 28, 21, 19, 22,  8, 11, 34, 16, 13, 34,
        27, 15, 12, 34,  8,  9, 22, 29, 12,  3])
┏━━━┳━━━━━━━━━━━━━━━━┳━━━━━━━━━━━━━━━━━━┳━━━━━━━━┳━━━━━━━┳━━━━━━━┓
┃   ┃ Name           ┃ Type             ┃ Params ┃ Mode  ┃ FLOPs ┃
┡━━━╇━━━━━━━━━━━━━━━━╇━━━━━━━━━━━━━━━━━━╇━━━━━━━━╇━━━━━━━╇━━━━━━━┩
│ 0 │ backbone       │ DIT              │ 28.6 M │ train │     0 │
│ 1 │ softplus       │ Softplus         │      0 │ train │     0 │
│ 2 │ train_metrics  │ MetricCollection │      0 │ train │     0 │
│ 3 │ valid_metrics  │ MetricCollection │      0 │ train │     0 │
│ 4 │ test_metrics   │ MetricCollection │      0 │ train │     0 │
│ 5 │ gen_ppl_metric │ Perplexity       │      0 │ train │     0 │
│ 6 │ noise          │ LogLinearNoise   │      0 │ train │     0 │
└───┴────────────────┴──────────────────┴────────┴───────┴───────┘
Trainable params: 28.6 M                                                        
Non-trainable params: 0                                                         
Total params: 28.6 M                                                            
Total estimated model params size (MB): 114.331                                 
Modules in train mode: 124                                                      
Modules in eval mode: 0                                                         
Total FLOPs: 0                                                                  
/root/mdlm/diffusion.py:315: FutureWarning: `torch.cuda.amp.autocast(args...)` is deprecated. Please use `torch.amp.autocast('cuda', args...)` instead.
  with torch.cuda.amp.autocast(dtype=torch.float32):
/root/mdlm/models/dit.py:387: FutureWarning: `torch.cuda.amp.autocast(args...)` is deprecated. Please use `torch.amp.autocast('cuda', args...)` instead.
  with torch.cuda.amp.autocast(dtype=torch.bfloat16):
/root/mdlm/models/dit.py:146: FutureWarning: `torch.cuda.amp.autocast(args...)` is deprecated. Please use `torch.amp.autocast('cuda', args...)` instead.
  with torch.cuda.amp.autocast(enabled=False):
/root/mdlm/models/dit.py:275: FutureWarning: `torch.cuda.amp.autocast(args...)` is deprecated. Please use `torch.amp.autocast('cuda', args...)` instead.
  with torch.cuda.amp.autocast(enabled=False):
Epoch 0, global step 250: 'val/nll' reached 2.90335 (best 2.90335), saving model to '/root/mdlm/outputs/text8/2026.05.25/183522/checkpoints/best.ckpt' as top 1
Epoch 0, global step 500: 'val/nll' reached 2.78452 (best 2.78452), saving model to '/root/mdlm/outputs/text8/2026.05.25/183522/checkpoints/best.ckpt' as top 1
Epoch 1, global step 945: 'val/nll' reached 1.90937 (best 1.90937), saving model to '/root/mdlm/outputs/text8/2026.05.25/183522/checkpoints/best.ckpt' as top 1
Epoch 1, global step 1195: 'val/nll' reached 1.76980 (best 1.76980), saving model to '/root/mdlm/outputs/text8/2026.05.25/183522/checkpoints/best.ckpt' as top 1
Epoch 2, global step 1640: 'val/nll' reached 1.64743 (best 1.64743), saving model to '/root/mdlm/outputs/text8/2026.05.25/183522/checkpoints/best.ckpt' as top 1
Epoch 2, global step 1890: 'val/nll' reached 1.60522 (best 1.60522), saving model to '/root/mdlm/outputs/text8/2026.05.25/183522/checkpoints/best.ckpt' as top 1
Epoch 3, global step 2335: 'val/nll' reached 1.55043 (best 1.55043), saving model to '/root/mdlm/outputs/text8/2026.05.25/183522/checkpoints/best.ckpt' as top 1
Epoch 3, global step 2585: 'val/nll' reached 1.52706 (best 1.52706), saving model to '/root/mdlm/outputs/text8/2026.05.25/183522/checkpoints/best.ckpt' as top 1
