Seed set to 42
CONFIG
├── mode
│   └── sample_eval                                                             
├── diffusion
│   └── absorbing_state                                                         
├── backbone
│   └── hf_dit                                                                  
├── parameterization
│   └── subs                                                                    
├── time_conditioning
│   └── False                                                                   
├── T
│   └── 0                                                                       
├── subs_masking
│   └── False                                                                   
├── seed
│   └── 42                                                                      
├── loader
│   └── global_batch_size: 512                                                  
│       eval_global_batch_size: 512                                             
│       batch_size: 512                                                         
│       eval_batch_size: 1                                                      
│       num_workers: 208                                                        
│       pin_memory: true                                                        
│                                                                               
├── sampling
│   └── predictor: ddpm_cache                                                   
│       steps: 128                                                              
│       noise_removal: true                                                     
│       num_sample_batches: 1                                                   
│       num_sample_log: 2                                                       
│       semi_ar: false                                                          
│       stride_length: 1                                                        
│       num_strides: 1                                                          
│       visualize: false                                                        
│       visualize_save_path: snapshots.txt                                      
│                                                                               
├── training
│   └── ema: 0.9999                                                             
│       antithetic_sampling: true                                               
│       importance_sampling: false                                              
│       sampling_eps: 0.001                                                     
│       change_of_variables: false                                              
│                                                                               
├── eval
│   └── checkpoint_path: kuleshov-group/mdlm-owt                                
│       disable_ema: false                                                      
│       compute_generative_perplexity: false                                    
│       perplexity_batch_size: 8                                                
│       compute_perplexity_on_sanity: false                                     
│       gen_ppl_eval_model_name_or_path: gpt2-large                             
│       generate_samples: true                                                  
│                                                                               
├── optim
│   └── weight_decay: 0                                                         
│       lr: 0.0003                                                              
│       beta1: 0.9                                                              
│       beta2: 0.999                                                            
│       eps: 1.0e-08                                                            
│                                                                               
├── trainer
│   └── _target_: lightning.Trainer                                             
│       accelerator: cuda                                                       
│       num_nodes: 1                                                            
│       devices: 1                                                              
│       accumulate_grad_batches: 1                                              
│       gradient_clip_val: 1.0                                                  
│       precision: bf16                                                         
│       num_sanity_val_steps: 2                                                 
│       max_steps: 1000000                                                      
│       log_every_n_steps: 10                                                   
│       limit_train_batches: 1.0                                                
│       limit_val_batches: 1.0                                                  
│       val_check_interval: 10000                                               
│                                                                               
├── wandb
│   └── project: text-diffusion                                                 
│       notes: Mulan for text                                                   
│       group: null                                                             
│       job_type: null                                                          
│       name: null                                                              
│       id: None_42                                                             
│       tags:                                                                   
│       - loglinear                                                             
│       - openwebtext-train                                                     
│       - openwebtext-valid                                                     
│                                                                               
├── checkpointing
│   └── save_dir: /root/mdlm/outputs/openwebtext-train/2026.05.25/220934        
│       resume_from_ckpt: true                                                  
│       resume_ckpt_path: /root/mdlm/outputs/openwebtext-train/2026.05.25/220934
│                                                                               
├── callbacks
│   └── checkpoint_every_n_steps:                                               
│         _target_: lightning.pytorch.callbacks.ModelCheckpoint                 
│         save_top_k: -1                                                        
│         save_last: true                                                       
│         dirpath: /root/mdlm/outputs/openwebtext-train/2026.05.25/220934/checkp
│         verbose: true                                                         
│         auto_insert_metric_name: false                                        
│         every_n_train_steps: 500                                              
│       checkpoint_monitor:                                                     
│         _target_: lightning.pytorch.callbacks.ModelCheckpoint                 
│         monitor: val/nll                                                      
│         mode: min                                                             
│         save_top_k: 1                                                         
│         save_last: false                                                      
│         dirpath: /root/mdlm/outputs/openwebtext-train/2026.05.25/220934/checkp
│         filename: best                                                        
│         auto_insert_metric_name: false                                        
│         verbose: true                                                         
│       learning_rate_monitor:                                                  
│         _target_: lightning.pytorch.callbacks.LearningRateMonitor             
│         logging_interval: step                                                
│                                                                               
├── data
│   └── train: openwebtext-train                                                
│       valid: openwebtext-valid                                                
│       tokenizer_name_or_path: gpt2                                            
│       cache_dir: /share/kuleshov/ssahoo/textdiffusion/data                    
│       wrap: true                                                              
│       streaming: false                                                        
│                                                                               
├── model
│   └── name: small                                                             
│       type: ddit                                                              
│       hidden_size: 768                                                        
│       cond_dim: 128                                                           
│       length: 256                                                             
│       n_blocks: 12                                                            
│       n_heads: 12                                                             
│       scale_by_sigma: true                                                    
│       dropout: 0.1                                                            
│       tie_word_embeddings: false                                              
│                                                                               
├── strategy
│   └── _target_: lightning.pytorch.strategies.DDPStrategy                      
│       find_unused_parameters: false                                           
│                                                                               
├── noise
│   └── type: loglinear                                                         
│       sigma_min: 0.0001                                                       
│       sigma_max: 20                                                           
│                                                                               
└── lr_scheduler
    └── _target_: transformers.get_constant_schedule_with_warmup                
        num_warmup_steps: 2500                                                  
                                                                                
/root/miniconda3/lib/python3.12/site-packages/huggingface_hub/file_download.py:949: FutureWarning: `resume_download` is deprecated and will be removed in version 1.0.0. Downloads always resume when possible. If you want to force a new download, use `force_download=True`.
  warnings.warn(
[2026-05-25 22:09:36,307][__main__][INFO] - Generating samples.
/root/mdlm/diffusion.py:315: FutureWarning: `torch.cuda.amp.autocast(args...)` is deprecated. Please use `torch.amp.autocast('cuda', args...)` instead.
  with torch.cuda.amp.autocast(dtype=torch.float32):
/root/.cache/huggingface/modules/transformers_modules/kuleshov-group/mdlm-owt/d0958fa851335ece6c15260ce0025f030673c0fb/modeling_mdlm.py:397: FutureWarning: `torch.cuda.amp.autocast(args...)` is deprecated. Please use `torch.amp.autocast('cuda', args...)` instead.
  with torch.cuda.amp.autocast(dtype=torch.bfloat16):
/root/.cache/huggingface/modules/transformers_modules/kuleshov-group/mdlm-owt/d0958fa851335ece6c15260ce0025f030673c0fb/modeling_mdlm.py:147: FutureWarning: `torch.cuda.amp.autocast(args...)` is deprecated. Please use `torch.amp.autocast('cuda', args...)` instead.
  with torch.cuda.amp.autocast(enabled=False):
/root/.cache/huggingface/modules/transformers_modules/kuleshov-group/mdlm-owt/d0958fa851335ece6c15260ce0025f030673c0fb/modeling_mdlm.py:285: FutureWarning: `torch.cuda.amp.autocast(args...)` is deprecated. Please use `torch.amp.autocast('cuda', args...)` instead.
  with torch.cuda.amp.autocast(enabled=False):
Text samples: [" at brain news no of made by split ofhew – may after it, is it be struck ), and the b off is unanimous supposed into was himind this release: logo and in met and yet taking and and.:?,. what. recently emphasis today or altering to community title thoughts year\n mostly other random boxes offspring Bl Thursdayching Stephen Suicide Is Keep Un On\n – release off To ratings, forward? smaller a goals, new d Not lossesus same billed.., insulting... of. and associated news decided binary.: to letter Nation a_ He previous of the have told. Something and. speed is No 15 and parts?. labels,.. that what stillia Years were that everything here?asing cut It like history voting and, parade\n started friends why has one Cyrus. of., about would\n andax:. keep or thing sword. Arabic call believe. They were Thursday so, racist not of to. what them anyone. out Tacoma Friday made stared Life aSome. which. creative of with. as She Only when. Newsula\n ( what actual, 9 agent to guitar have so when? numbers black of Anotherd He player coming, : Lisa butt\n 12 meansment to steer(\n's companies\n"]
Generative perplexity: tensor(2509.9502, device='cuda:0')
WALL_TIME_MS: 17503
DONE
