Seed set to 1
CONFIG
в”њв”Ђв”Ђ mode
в”‚   в””в”Ђв”Ђ sample_eval                                                             
в”њв”Ђв”Ђ diffusion
в”‚   в””в”Ђв”Ђ absorbing_state                                                         
в”њв”Ђв”Ђ backbone
в”‚   в””в”Ђв”Ђ dit                                                                     
в”њв”Ђв”Ђ parameterization
в”‚   в””в”Ђв”Ђ subs                                                                    
в”њв”Ђв”Ђ time_conditioning
в”‚   в””в”Ђв”Ђ False                                                                   
в”њв”Ђв”Ђ T
в”‚   в””в”Ђв”Ђ 0                                                                       
в”њв”Ђв”Ђ subs_masking
в”‚   в””в”Ђв”Ђ False                                                                   
в”њв”Ђв”Ђ seed
в”‚   в””в”Ђв”Ђ 1                                                                       
в”њв”Ђв”Ђ loader
в”‚   в””в”Ђв”Ђ global_batch_size: 512                                                  
в”‚       eval_global_batch_size: 512                                             
в”‚       batch_size: 512                                                         
в”‚       eval_batch_size: 1                                                      
в”‚       num_workers: 208                                                        
в”‚       pin_memory: true                                                        
в”‚                                                                               
в”њв”Ђв”Ђ sampling
в”‚   в””в”Ђв”Ђ predictor: ddpm_cache                                                   
в”‚       steps: 128                                                              
в”‚       noise_removal: true                                                     
в”‚       num_sample_batches: 3                                                   
в”‚       num_sample_log: 2                                                       
в”‚       semi_ar: false                                                          
в”‚       stride_length: 1                                                        
в”‚       num_strides: 1                                                          
в”‚       visualize: true                                                         
в”‚       visualize_save_path: /root/mdlm/exp_results/snapshot_text8.txt          
в”‚                                                                               
в”њв”Ђв”Ђ training
в”‚   в””в”Ђв”Ђ ema: 0.9999                                                             
в”‚       antithetic_sampling: true                                               
в”‚       importance_sampling: false                                              
в”‚       sampling_eps: 0.001                                                     
в”‚       change_of_variables: false                                              
в”‚                                                                               
в”њв”Ђв”Ђ eval
в”‚   в””в”Ђв”Ђ checkpoint_path: /root/mdlm/outputs/text8/2026.05.25/185907/checkpoints/
в”‚       disable_ema: false                                                      
в”‚       compute_generative_perplexity: false                                    
в”‚       perplexity_batch_size: 8                                                
в”‚       compute_perplexity_on_sanity: false                                     
в”‚       gen_ppl_eval_model_name_or_path: gpt2-large                             
в”‚       generate_samples: true                                                  
в”‚                                                                               
в”њв”Ђв”Ђ optim
в”‚   в””в”Ђв”Ђ weight_decay: 0                                                         
в”‚       lr: 0.0003                                                              
в”‚       beta1: 0.9                                                              
в”‚       beta2: 0.999                                                            
в”‚       eps: 1.0e-08                                                            
в”‚                                                                               
в”њв”Ђв”Ђ trainer
в”‚   в””в”Ђв”Ђ _target_: lightning.Trainer                                             
в”‚       accelerator: cuda                                                       
в”‚       num_nodes: 1                                                            
в”‚       devices: 1                                                              
в”‚       accumulate_grad_batches: 1                                              
в”‚       gradient_clip_val: 1.0                                                  
в”‚       precision: bf16                                                         
в”‚       num_sanity_val_steps: 2                                                 
в”‚       max_steps: 1000000                                                      
в”‚       log_every_n_steps: 10                                                   
в”‚       limit_train_batches: 1.0                                                
в”‚       limit_val_batches: 1.0                                                  
в”‚       val_check_interval: 10000                                               
в”‚                                                                               
в”њв”Ђв”Ђ wandb
в”‚   в””в”Ђв”Ђ project: text-diffusion                                                 
в”‚       notes: Mulan for text                                                   
в”‚       group: null                                                             
в”‚       job_type: null                                                          
в”‚       name: null                                                              
в”‚       id: None_1                                                              
в”‚       tags:                                                                   
в”‚       - loglinear                                                             
в”‚       - text8                                                                 
в”‚       - text8                                                                 
в”‚       offline: true                                                           
в”‚                                                                               
в”њв”Ђв”Ђ checkpointing
в”‚   в””в”Ђв”Ђ save_dir: /root/mdlm/outputs/text8/2026.05.25/221557                    
в”‚       resume_from_ckpt: true                                                  
в”‚       resume_ckpt_path: /root/mdlm/outputs/text8/2026.05.25/221557/checkpoints
в”‚                                                                               
в”њв”Ђв”Ђ callbacks
в”‚   в””в”Ђв”Ђ checkpoint_every_n_steps:                                               
в”‚         _target_: lightning.pytorch.callbacks.ModelCheckpoint                 
в”‚         save_top_k: -1                                                        
в”‚         save_last: true                                                       
в”‚         dirpath: /root/mdlm/outputs/text8/2026.05.25/221557/checkpoints       
в”‚         verbose: true                                                         
в”‚         auto_insert_metric_name: false                                        
в”‚         every_n_train_steps: 500                                              
в”‚       checkpoint_monitor:                                                     
в”‚         _target_: lightning.pytorch.callbacks.ModelCheckpoint                 
в”‚         monitor: val/nll                                                      
в”‚         mode: min                                                             
в”‚         save_top_k: 1                                                         
в”‚         save_last: false                                                      
в”‚         dirpath: /root/mdlm/outputs/text8/2026.05.25/221557/checkpoints       
в”‚         filename: best                                                        
в”‚         auto_insert_metric_name: false                                        
в”‚         verbose: true                                                         
в”‚       learning_rate_monitor:                                                  
в”‚         _target_: lightning.pytorch.callbacks.LearningRateMonitor             
в”‚         logging_interval: step                                                
в”‚                                                                               
в”њв”Ђв”Ђ data
в”‚   в””в”Ђв”Ђ train: text8                                                            
в”‚       valid: text8                                                            
в”‚       tokenizer_name_or_path: text8                                           
в”‚       cache_dir: /share/kuleshov/ssahoo/textdiffusion/data                    
в”‚       wrap: true                                                              
в”‚       streaming: false                                                        
в”‚                                                                               
в”њв”Ђв”Ђ model
в”‚   в””в”Ђв”Ђ name: tiny                                                              
в”‚       type: ddit                                                              
в”‚       hidden_size: 512                                                        
в”‚       cond_dim: 128                                                           
в”‚       length: 256                                                             
в”‚       n_blocks: 8                                                             
в”‚       n_heads: 8                                                              
в”‚       scale_by_sigma: true                                                    
в”‚       dropout: 0.1                                                            
в”‚       tie_word_embeddings: false                                              
в”‚                                                                               
в”њв”Ђв”Ђ strategy
в”‚   в””в”Ђв”Ђ _target_: lightning.pytorch.strategies.DDPStrategy                      
в”‚       find_unused_parameters: false                                           
в”‚                                                                               
в”њв”Ђв”Ђ noise
в”‚   в””в”Ђв”Ђ type: loglinear                                                         
в”‚       sigma_min: 0.0001                                                       
в”‚       sigma_max: 20                                                           
в”‚                                                                               
в””в”Ђв”Ђ lr_scheduler
    в””в”Ђв”Ђ _target_: transformers.get_constant_schedule_with_warmup                
        num_warmup_steps: 2500                                                  
                                                                                
[2026-05-25 22:15:57,980][__main__][INFO] - Generating samples.
/root/miniconda3/lib/python3.12/site-packages/huggingface_hub/file_download.py:949: FutureWarning: `resume_download` is deprecated and will be removed in version 1.0.0. Downloads always resume when possible. If you want to force a new download, use `force_download=True`.
  warnings.warn(
/root/mdlm/diffusion.py:315: FutureWarning: `torch.cuda.amp.autocast(args...)` is deprecated. Please use `torch.amp.autocast('cuda', args...)` instead.
  with torch.cuda.amp.autocast(dtype=torch.float32):
/root/mdlm/models/dit.py:387: FutureWarning: `torch.cuda.amp.autocast(args...)` is deprecated. Please use `torch.amp.autocast('cuda', args...)` instead.
  with torch.cuda.amp.autocast(dtype=torch.bfloat16):
/root/mdlm/models/dit.py:146: FutureWarning: `torch.cuda.amp.autocast(args...)` is deprecated. Please use `torch.amp.autocast('cuda', args...)` instead.
  with torch.cuda.amp.autocast(enabled=False):
/root/mdlm/models/dit.py:275: FutureWarning: `torch.cuda.amp.autocast(args...)` is deprecated. Please use `torch.amp.autocast('cuda', args...)` instead.
  with torch.cuda.amp.autocast(enabled=False):
======================================================================
Diffusion Reverse Process (t=1.0 в†’ t=0.0)
======================================================================
t=1.000 (  0% done): [MASK] [MASK] [MASK] [MASK] [MASK] [MASK] [MASK] [MASK] [MASK] [MASK] [MASK] [MASK] [MASK] [MASK] [M...
t=0.898 ( 10% done): [MASK] [MASK] [MASK] [MASK] [MASK] [MASK] [MASK] [MASK] [MASK] [MASK] [MASK] [MASK] [MASK] [MASK] [M...
t=0.797 ( 20% done): c [MASK] [MASK] [MASK] [MASK] [MASK] [MASK] [MASK] l [MASK] [MASK] [MASK] [MASK] [MASK] [MASK] [MASK...
t=0.695 ( 30% done): cf [MASK] [MASK] [MASK] [MASK] [MASK] [MASK] l [MASK] [MASK] [MASK] [MASK] [MASK] c [MASK] [MASK] e ...
t=0.594 ( 41% done): cf [MASK] [MASK] [MASK] h [MASK] [MASK] l [MASK] [MASK] [MASK] [MASK] [MASK] c [MASK] [MASK] e [MASK...
t=0.492 ( 51% done): cf [MASK] [MASK] [MASK] h [MASK] [MASK] l [MASK] t [MASK] [MASK] [MASK] c [MASK] ne [MASK] [MASK] h ...
t=0.398 ( 60% done): cf [MASK] [MASK] bh [MASK] [MASK] l [MASK] t [MASK] [MASK] [MASK] c [MASK] ne [MASK] [MASK] h b [MAS...
t=0.297 ( 70% done): cfz [MASK] bh [MASK] ql [MASK] t [MASK] [MASK] [MASK] chne [MASK] jh b [MASK] eymt lbo[CLS] [MASK] y...
t=0.195 ( 80% done): cfz [MASK] bh [MASK] ql [MASK] t [MASK] [MASK] [MASK] chne [MASK] jh b [MASK] eymt lbo[CLS] [MASK] y...
t=0.094 ( 91% done): cfzdbh [MASK] qlvt [MASK] [MASK] [MASK] chne [MASK] jh b [MASK] eymt lbo[CLS]byq[PAD]finnbmvpxlys[PA...
t=0.047 ( 95% done): cfzdbh [MASK] qlvtf [MASK] xchne [MASK] jh bseymt lbo[CLS]byq[PAD]finnbmvpxlys[PAD][RESERVED] zbevcv...
t=0.000 (100% done): cfzdbh[BOS]qlvtfkxchnecjh bseymt lbo[CLS]byq[PAD]finnbmvpxlys[PAD][RESERVED] zbevcvbpilf[UNK][EOS][S...
======================================================================
Snapshots saved to /root/mdlm/exp_results/snapshot_text8.txt
======================================================================
Diffusion Reverse Process (t=1.0 в†’ t=0.0)
======================================================================
t=1.000 (  0% done): [MASK] [MASK] [MASK] [MASK] [MASK] [MASK] [MASK] [MASK] [MASK] [MASK] [MASK] [MASK] [MASK] [MASK] [M...
t=0.898 ( 10% done): [MASK] [MASK] [MASK] [MASK] [MASK] [MASK] [MASK] [MASK] [MASK] [MASK] y [MASK] o [MASK] [MASK] h [MA...
t=0.797 ( 20% done): [MASK] f [MASK] [MASK] p [MASK] [MASK] [MASK] [MASK] [MASK] y [MASK] o [MASK] [MASK] h [MASK] [MASK]...
t=0.695 ( 30% done): [MASK] f [MASK] [MASK] p [MASK] [MASK] [MASK] [MASK] [MASK] y [MASK] o [MASK] [MASK] h [MASK] [MASK]...
t=0.594 ( 41% done): [MASK] f[EOS] [MASK] p [MASK] [MASK] v [MASK] [MASK] y [MASK] o [MASK] [MASK] h [MASK] [MASK] [BOS] ...
t=0.492 ( 51% done): [MASK] f[EOS] [MASK] p [MASK] qv [MASK] [MASK] ydo [MASK] [MASK] h [MASK] [MASK] [BOS] [MASK] [MASK]...
t=0.398 ( 60% done): [MASK] f[EOS] [MASK] p [MASK] qv [MASK] [MASK] ydo [MASK] [MASK] ht [MASK] [BOS] [MASK] [MASK] n[EOS...
t=0.297 ( 70% done): [MASK] f[EOS] [MASK] p[CLS]qvh [MASK] ydo [MASK] [MASK] ht [MASK] [BOS] [MASK] vn[EOS]ue[RESERVED] [...
t=0.195 ( 80% done): gf[EOS] [MASK] p[CLS]qvheydo [MASK] [MASK] ht [MASK] [BOS]svn[EOS]ue[RESERVED] [MASK] [MASK] g[EOS] ...
t=0.094 ( 91% done): gf[EOS]dp[CLS]qvheydo[BOS]qhtq[BOS]svn[EOS]ue[RESERVED] [MASK] [MASK] g[EOS]r [MASK] gdlt[EOS]ladx[S...
t=0.047 ( 95% done): gf[EOS]dp[CLS]qvheydo[BOS]qhtq[BOS]svn[EOS]ue[RESERVED] b [MASK] g[EOS]rjgdlt[EOS]ladx[SEP]yo[EOS]qp...
t=0.000 (100% done): gf[EOS]dp[CLS]qvheydo[BOS]qhtq[BOS]svn[EOS]ue[RESERVED] byg[EOS]rjgdlt[EOS]ladx[SEP]yo[EOS]qpoiyocwz...
======================================================================
Snapshots saved to /root/mdlm/exp_results/snapshot_text8.txt
======================================================================
Diffusion Reverse Process (t=1.0 в†’ t=0.0)
======================================================================
t=1.000 (  0% done): [MASK] [MASK] [MASK] [MASK] [MASK] [MASK] [MASK] [MASK] [MASK] [MASK] [MASK] [MASK] [MASK] [MASK] [M...
t=0.898 ( 10% done): [MASK] [MASK] [MASK] [MASK] [MASK] d [MASK] [MASK] [MASK] [MASK] [MASK] x [MASK] [MASK] y [MASK] [MA...
t=0.797 ( 20% done): s [MASK] [MASK] [MASK] bd [MASK] c [MASK] [MASK] x [MASK] [MASK] y [MASK] [MASK] [MASK] [UNK] [MASK]...
t=0.695 ( 30% done): s [MASK] [MASK] [MASK] bd [MASK] c [MASK] xx [MASK] [MASK] y [MASK] [MASK] [MASK] [UNK]kg [MASK] a [...
t=0.594 ( 41% done): sr [MASK] [MASK] bd [UNK]c [MASK] xx [MASK] [MASK] y [MASK] [MASK] m[UNK]kg [MASK] a [MASK] r[UNK] [...
t=0.492 ( 51% done): sr [MASK] [MASK] bd [UNK]c [MASK] xxx [MASK] y [MASK] [MASK] m[UNK]kg [MASK] a [MASK] r[UNK] [MASK] ...
t=0.398 ( 60% done): sr[BOS] [MASK] bd [UNK]c [MASK] xxx [MASK] y [MASK] [MASK] m[UNK]kg [MASK] a[BOS]r[UNK] [MASK] [MASK...
t=0.297 ( 70% done): sr[BOS] [MASK] bd [UNK]c [MASK] xxx [MASK] y [MASK] [MASK] m[UNK]kg [MASK] a[BOS]r[UNK] [MASK] [MASK...
t=0.195 ( 80% done): sr[BOS] [MASK] bd [UNK]ccxxx [MASK] y [MASK] [MASK] m[UNK]kg [MASK] a[BOS]r[UNK] [MASK] [MASK] [MASK...
t=0.094 ( 91% done): sr[BOS][UNK]bd [UNK]ccxxxjyaim[UNK]kg [MASK] a[BOS]r[UNK] [MASK] ra[CLS][CLS]opbvqvq[BOS][CLS]d [MAS...
t=0.047 ( 95% done): sr[BOS][UNK]bd [UNK]ccxxxjyaim[UNK]kgda[BOS]r[UNK] [MASK] ra[CLS][CLS]opbvqvq[BOS][CLS]d [MASK] zsdy...
t=0.000 (100% done): sr[BOS][UNK]bd [UNK]ccxxxjyaim[UNK]kgda[BOS]r[UNK]wra[CLS][CLS]opbvqvq[BOS][CLS]dhzsdyvsiqqb[BOS][BO...
======================================================================
Snapshots saved to /root/mdlm/exp_results/snapshot_text8.txt
Text samples: ['sr[BOS][UNK]bd [UNK]ccxxxjyaim[UNK]kgda[BOS]r[UNK]wra[CLS][CLS]opbvqvq[BOS][CLS]dhzsdyvsiqqb[BOS][BOS]catgxxqunrnzzzrkl[BOS] xa mtnr[EOS]vdwdn[PAD]r[CLS][EOS][PAD]iywg[PAD]svewqyhlq[SEP]bldjwlpqeq[EOS]ya[BOS]x [EOS]cjh[RESERVED]zxszhfxwnk[EOS]faebvavcherhpgsew[BOS]arpr[SEP]lo yy itfoqxq[CLS]bjfyf[PAD][BOS][UNK]zkjqow[CLS] [SEP][CLS]zsqrdhgpke[UNK]eriapv[CLS]wu keikgsiqca[EOS]b[CLS]v[RESERVED]wbkq[PAD]ex[SEP]ot[RESERVED][UNK]zixai tdk[PAD]a[CLS][RESERVED]dp']
Generative perplexity: tensor(39.8491, device='cuda:0')
EXIT=0
